<?xml version="1.0" encoding="UTF-8"?>
<testsuite name="com.example.demogra.DemograApplicationTests" tests="1" skipped="0" failures="0" errors="0" timestamp="2022-02-18T21:57:58" hostname="LAPTOP-ORR1CESO" time="0.068">
  <properties/>
  <testcase name="SaveOneClient()" classname="com.example.demogra.DemograApplicationTests" time="0.068"/>
  <system-out><![CDATA[15:57:51.264 [Test worker] DEBUG org.springframework.test.context.BootstrapUtils - Instantiating CacheAwareContextLoaderDelegate from class [org.springframework.test.context.cache.DefaultCacheAwareContextLoaderDelegate]
15:57:51.285 [Test worker] DEBUG org.springframework.test.context.BootstrapUtils - Instantiating BootstrapContext using constructor [public org.springframework.test.context.support.DefaultBootstrapContext(java.lang.Class,org.springframework.test.context.CacheAwareContextLoaderDelegate)]
15:57:51.326 [Test worker] DEBUG org.springframework.test.context.BootstrapUtils - Instantiating TestContextBootstrapper for test class [com.example.demogra.DemograApplicationTests] from class [org.springframework.boot.test.context.SpringBootTestContextBootstrapper]
15:57:51.352 [Test worker] INFO org.springframework.boot.test.context.SpringBootTestContextBootstrapper - Neither @ContextConfiguration nor @ContextHierarchy found for test class [com.example.demogra.DemograApplicationTests], using SpringBootContextLoader
15:57:51.361 [Test worker] DEBUG org.springframework.test.context.support.AbstractContextLoader - Did not detect default resource location for test class [com.example.demogra.DemograApplicationTests]: class path resource [com/example/demogra/DemograApplicationTests-context.xml] does not exist
15:57:51.362 [Test worker] DEBUG org.springframework.test.context.support.AbstractContextLoader - Did not detect default resource location for test class [com.example.demogra.DemograApplicationTests]: class path resource [com/example/demogra/DemograApplicationTestsContext.groovy] does not exist
15:57:51.362 [Test worker] INFO org.springframework.test.context.support.AbstractContextLoader - Could not detect default resource locations for test class [com.example.demogra.DemograApplicationTests]: no resource found for suffixes {-context.xml, Context.groovy}.
15:57:51.363 [Test worker] INFO org.springframework.test.context.support.AnnotationConfigContextLoaderUtils - Could not detect default configuration classes for test class [com.example.demogra.DemograApplicationTests]: DemograApplicationTests does not declare any static, non-private, non-final, nested classes annotated with @Configuration.
15:57:51.454 [Test worker] DEBUG org.springframework.test.context.support.ActiveProfilesUtils - Could not find an 'annotation declaring class' for annotation type [org.springframework.test.context.ActiveProfiles] and class [com.example.demogra.DemograApplicationTests]
15:57:51.590 [Test worker] DEBUG org.springframework.context.annotation.ClassPathScanningCandidateComponentProvider - Identified candidate component class: file [C:\Users\a839607\Javier\UpgrapeProgram\Practicas\demogra-master\demogra-master\build\classes\java\main\com\example\demogra\DemograApplication.class]
15:57:51.595 [Test worker] INFO org.springframework.boot.test.context.SpringBootTestContextBootstrapper - Found @SpringBootConfiguration com.example.demogra.DemograApplication for test class com.example.demogra.DemograApplicationTests
15:57:51.798 [Test worker] DEBUG org.springframework.boot.test.context.SpringBootTestContextBootstrapper - @TestExecutionListeners is not present for class [com.example.demogra.DemograApplicationTests]: using defaults.
15:57:51.799 [Test worker] INFO org.springframework.boot.test.context.SpringBootTestContextBootstrapper - Loaded default TestExecutionListener class names from location [META-INF/spring.factories]: [org.springframework.boot.test.autoconfigure.restdocs.RestDocsTestExecutionListener, org.springframework.boot.test.autoconfigure.web.client.MockRestServiceServerResetTestExecutionListener, org.springframework.boot.test.autoconfigure.web.servlet.MockMvcPrintOnlyOnFailureTestExecutionListener, org.springframework.boot.test.autoconfigure.web.servlet.WebDriverTestExecutionListener, org.springframework.boot.test.autoconfigure.webservices.client.MockWebServiceServerTestExecutionListener, org.springframework.boot.test.mock.mockito.MockitoTestExecutionListener, org.springframework.boot.test.mock.mockito.ResetMocksTestExecutionListener, org.springframework.test.context.web.ServletTestExecutionListener, org.springframework.test.context.support.DirtiesContextBeforeModesTestExecutionListener, org.springframework.test.context.event.ApplicationEventsTestExecutionListener, org.springframework.test.context.support.DependencyInjectionTestExecutionListener, org.springframework.test.context.support.DirtiesContextTestExecutionListener, org.springframework.test.context.transaction.TransactionalTestExecutionListener, org.springframework.test.context.jdbc.SqlScriptsTestExecutionListener, org.springframework.test.context.event.EventPublishingTestExecutionListener]
15:57:51.839 [Test worker] INFO org.springframework.boot.test.context.SpringBootTestContextBootstrapper - Using TestExecutionListeners: [org.springframework.test.context.web.ServletTestExecutionListener@48b0e701, org.springframework.test.context.support.DirtiesContextBeforeModesTestExecutionListener@241a0c3a, org.springframework.test.context.event.ApplicationEventsTestExecutionListener@547c04c4, org.springframework.boot.test.mock.mockito.MockitoTestExecutionListener@30e92cb9, org.springframework.boot.test.autoconfigure.SpringBootDependencyInjectionTestExecutionListener@7fae4d4a, org.springframework.test.context.support.DirtiesContextTestExecutionListener@ba1f559, org.springframework.test.context.transaction.TransactionalTestExecutionListener@3f4f9acd, org.springframework.test.context.jdbc.SqlScriptsTestExecutionListener@46baf579, org.springframework.test.context.event.EventPublishingTestExecutionListener@4bf324f9, org.springframework.boot.test.autoconfigure.restdocs.RestDocsTestExecutionListener@4f7c0be3, org.springframework.boot.test.autoconfigure.web.client.MockRestServiceServerResetTestExecutionListener@ca66933, org.springframework.boot.test.autoconfigure.web.servlet.MockMvcPrintOnlyOnFailureTestExecutionListener@1d2644e3, org.springframework.boot.test.autoconfigure.web.servlet.WebDriverTestExecutionListener@4fa06f52, org.springframework.boot.test.autoconfigure.webservices.client.MockWebServiceServerTestExecutionListener@602c4656, org.springframework.boot.test.mock.mockito.ResetMocksTestExecutionListener@5ffc5491]
15:57:51.909 [Test worker] DEBUG org.springframework.boot.ApplicationServletEnvironment - Activating profiles []
15:57:51.910 [Test worker] DEBUG org.springframework.test.context.support.TestPropertySourceUtils - Adding inlined properties to environment: {spring.jmx.enabled=false, org.springframework.boot.test.context.SpringBootTestContextBootstrapper=true}

  .   ____          _            __ _ _
 /\\ / ___'_ __ _ _(_)_ __  __ _ \ \ \ \
( ( )\___ | '_ | '_| | '_ \/ _` | \ \ \ \
 \\/  ___)| |_)| | | | | || (_| |  ) ) ) )
  '  |____| .__|_| |_|_| |_\__, | / / / /
 =========|_|==============|___/=/_/_/_/
 :: Spring Boot ::                (v2.5.8)

2022-02-18 15:57:52.537  INFO 15484 --- [    Test worker] c.e.demogra.DemograApplicationTests      : Starting DemograApplicationTests using Java 17.0.1 on LAPTOP-ORR1CESO with PID 15484 (started by a839607 in C:\Users\a839607\Javier\UpgrapeProgram\Practicas\demogra-master\demogra-master)
2022-02-18 15:57:52.540  INFO 15484 --- [    Test worker] c.e.demogra.DemograApplicationTests      : No active profile set, falling back to default profiles: default
2022-02-18 15:57:53.806  INFO 15484 --- [    Test worker] .s.d.r.c.RepositoryConfigurationDelegate : Bootstrapping Spring Data JPA repositories in DEFAULT mode.
2022-02-18 15:57:53.914  INFO 15484 --- [    Test worker] .s.d.r.c.RepositoryConfigurationDelegate : Finished Spring Data repository scanning in 94 ms. Found 1 JPA repository interfaces.
2022-02-18 15:57:55.569  INFO 15484 --- [    Test worker] com.zaxxer.hikari.HikariDataSource       : HikariPool-1 - Starting...
2022-02-18 15:57:56.043  INFO 15484 --- [    Test worker] com.zaxxer.hikari.HikariDataSource       : HikariPool-1 - Start completed.
2022-02-18 15:57:56.169  INFO 15484 --- [    Test worker] o.hibernate.jpa.internal.util.LogHelper  : HHH000204: Processing PersistenceUnitInfo [name: default]
2022-02-18 15:57:56.279  INFO 15484 --- [    Test worker] org.hibernate.Version                    : HHH000412: Hibernate ORM core version 5.4.33
2022-02-18 15:57:56.331  INFO 15484 --- [    Test worker] o.hibernate.annotations.common.Version   : HCANN000001: Hibernate Commons Annotations {5.1.2.Final}
2022-02-18 15:57:56.572  INFO 15484 --- [    Test worker] org.hibernate.dialect.Dialect            : HHH000400: Using dialect: org.hibernate.dialect.H2Dialect
2022-02-18 15:57:57.332  INFO 15484 --- [    Test worker] o.h.e.t.j.p.i.JtaPlatformInitiator       : HHH000490: Using JtaPlatform implementation: [org.hibernate.engine.transaction.jta.platform.internal.NoJtaPlatform]
2022-02-18 15:57:57.344  INFO 15484 --- [    Test worker] j.LocalContainerEntityManagerFactoryBean : Initialized JPA EntityManagerFactory for persistence unit 'default'
2022-02-18 15:57:57.698  WARN 15484 --- [    Test worker] JpaBaseConfiguration$JpaWebConfiguration : spring.jpa.open-in-view is enabled by default. Therefore, database queries may be performed during view rendering. Explicitly configure spring.jpa.open-in-view to disable this warning
2022-02-18 15:57:58.755  INFO 15484 --- [    Test worker] c.e.demogra.DemograApplicationTests      : Started DemograApplicationTests in 6.84 seconds (JVM running for 10.073)
2022-02-18 15:57:58.908  INFO 15484 --- [    Test worker] o.s.mock.web.MockServletContext          : Initializing Spring TestDispatcherServlet ''
2022-02-18 15:57:58.909  INFO 15484 --- [    Test worker] o.s.t.web.servlet.TestDispatcherServlet  : Initializing Servlet ''
2022-02-18 15:57:58.909  INFO 15484 --- [    Test worker] o.s.t.web.servlet.TestDispatcherServlet  : Completed initialization in 0 ms
]]></system-out>
  <system-err><![CDATA[]]></system-err>
</testsuite>
